<?xml version="1.0" encoding="UTF-8"?>
<testng-results skipped="0" failed="1" ignored="0" total="1" passed="0">
  <reporter-output>
  </reporter-output>
  <suite name="Default suite" duration-ms="702" started-at="2017-11-05T05:25:28Z" finished-at="2017-11-05T05:25:28Z">
    <groups>
    </groups>
    <test name="Default test" duration-ms="702" started-at="2017-11-05T05:25:28Z" finished-at="2017-11-05T05:25:28Z">
      <class name="com.script.NewTest">
        <test-method status="FAIL" signature="f()[pri:0, instance:com.script.NewTest@685cb137]" name="f" duration-ms="577" started-at="2017-11-05T10:55:28Z" finished-at="2017-11-05T10:55:28Z">
          <exception class="java.lang.IllegalStateException">
            <message>
              <![CDATA[The driver executable does not exist: C:\Users\SHUSHIL\Desktop\Maven1\selenium\.\geckodriver.exe]]>
            </message>
            <full-stacktrace>
              <![CDATA[java.lang.IllegalStateException: The driver executable does not exist: C:\Users\SHUSHIL\Desktop\Maven1\selenium\.\geckodriver.exe
	at com.google.common.base.Preconditions.checkState(Preconditions.java:518)
	at org.openqa.selenium.remote.service.DriverService.checkExecutable(DriverService.java:136)
	at org.openqa.selenium.remote.service.DriverService.findExecutable(DriverService.java:131)
	at org.openqa.selenium.firefox.GeckoDriverService.access$100(GeckoDriverService.java:41)
	at org.openqa.selenium.firefox.GeckoDriverService$Builder.findDefaultExecutable(GeckoDriverService.java:115)
	at org.openqa.selenium.remote.service.DriverService$Builder.build(DriverService.java:330)
	at org.openqa.selenium.firefox.FirefoxDriver.toExecutor(FirefoxDriver.java:207)
	at org.openqa.selenium.firefox.FirefoxDriver.<init>(FirefoxDriver.java:108)
	at org.openqa.selenium.firefox.FirefoxDriver.<init>(FirefoxDriver.java:104)
	at com.script.NewTest.f(NewTest.java:11)
	at sun.reflect.NativeMethodAccessorImpl.invoke0(Native Method)
	at sun.reflect.NativeMethodAccessorImpl.invoke(Unknown Source)
	at sun.reflect.DelegatingMethodAccessorImpl.invoke(Unknown Source)
	at java.lang.reflect.Method.invoke(Unknown Source)
	at org.testng.internal.MethodInvocationHelper.invokeMethod(MethodInvocationHelper.java:108)
	at org.testng.internal.Invoker.invokeMethod(Invoker.java:669)
	at org.testng.internal.Invoker.invokeTestMethod(Invoker.java:877)
	at org.testng.internal.Invoker.invokeTestMethods(Invoker.java:1201)
	at org.testng.internal.TestMethodWorker.invokeTestMethods(TestMethodWorker.java:125)
	at org.testng.internal.TestMethodWorker.run(TestMethodWorker.java:109)
	at org.testng.TestRunner.privateRun(TestRunner.java:776)
	at org.testng.TestRunner.run(TestRunner.java:634)
	at org.testng.SuiteRunner.runTest(SuiteRunner.java:425)
	at org.testng.SuiteRunner.runSequentially(SuiteRunner.java:420)
	at org.testng.SuiteRunner.privateRun(SuiteRunner.java:385)
	at org.testng.SuiteRunner.run(SuiteRunner.java:334)
	at org.testng.SuiteRunnerWorker.runSuite(SuiteRunnerWorker.java:52)
	at org.testng.SuiteRunnerWorker.run(SuiteRunnerWorker.java:86)
	at org.testng.TestNG.runSuitesSequentially(TestNG.java:1318)
	at org.testng.TestNG.runSuitesLocally(TestNG.java:1243)
	at org.testng.TestNG.runSuites(TestNG.java:1161)
	at org.testng.TestNG.run(TestNG.java:1129)
	at org.testng.remote.AbstractRemoteTestNG.run(AbstractRemoteTestNG.java:114)
	at org.testng.remote.RemoteTestNG.initAndRun(RemoteTestNG.java:251)
	at org.testng.remote.RemoteTestNG.main(RemoteTestNG.java:77)
]]>
            </full-stacktrace>
          </exception> <!-- java.lang.IllegalStateException -->
          <reporter-output>
          </reporter-output>
        </test-method> <!-- f -->
      </class> <!-- com.script.NewTest -->
    </test> <!-- Default test -->
  </suite> <!-- Default suite -->
</testng-results>
