<?xml version="1.0" encoding="UTF-8"?>
<!-- Generated by org.testng.reporters.JUnitXMLReporter -->
<testsuite hostname="SHUSHIL-VAIO" ignored="0" name="Command line test" tests="1" failures="1" timestamp="05 Nov 2017 03:27:18 GMT" time="0.589" errors="0">
  <testcase name="f" time="0.502" classname="com.demo.NewTest">
    <failure type="java.lang.IllegalStateException" message="The driver executable does not exist: C:\Users\SHUSHIL\Desktop\Maven1\Test\.\geckodriver.exe">
      <![CDATA[java.lang.IllegalStateException: The driver executable does not exist: C:\Users\SHUSHIL\Desktop\Maven1\Test\.\geckodriver.exe
	at com.google.common.base.Preconditions.checkState(Preconditions.java:518)
	at org.openqa.selenium.remote.service.DriverService.checkExecutable(DriverService.java:136)
	at org.openqa.selenium.remote.service.DriverService.findExecutable(DriverService.java:131)
	at org.openqa.selenium.firefox.GeckoDriverService.access$100(GeckoDriverService.java:41)
	at org.openqa.selenium.firefox.GeckoDriverService$Builder.findDefaultExecutable(GeckoDriverService.java:115)
	at org.openqa.selenium.remote.service.DriverService$Builder.build(DriverService.java:330)
	at org.openqa.selenium.firefox.FirefoxDriver.toExecutor(FirefoxDriver.java:207)
	at org.openqa.selenium.firefox.FirefoxDriver.<init>(FirefoxDriver.java:108)
	at org.openqa.selenium.firefox.FirefoxDriver.<init>(FirefoxDriver.java:104)
	at com.demo.NewTest.f(NewTest.java:11)
... Removed 34 stack frames]]>
    </failure>
  </testcase> <!-- f -->
</testsuite> <!-- Command line test -->
